<?xml version="1.0" encoding="UTF-8"?>
<!-- Generated by org.testng.reporters.JUnitXMLReporter -->
<testsuite hostname="ESPLD126" ignored="0" name="Default test" tests="6" failures="0" timestamp="09 Sep 2019 06:39:34 GMT" time="153.183" errors="0">
  <testcase name="verfyContactspageLabel" time="0.119" classname="com.crm.qa.testcases.ContactPageTest"/>
  <testcase name="selectContactsTest" time="0.109" classname="com.crm.qa.testcases.ContactPageTest"/>
  <testcase name="selectMultipleContactsTest" time="0.217" classname="com.crm.qa.testcases.ContactPageTest"/>
  <testcase name="validateCreateNewContact" time="4.185" classname="com.crm.qa.testcases.ContactPageTest"/>
  <testcase name="validateCreateNewContact" time="3.955" classname="com.crm.qa.testcases.ContactPageTest"/>
  <testcase name="validateCreateNewContact" time="4.923" classname="com.crm.qa.testcases.ContactPageTest"/>
</testsuite> <!-- Default test -->
